<?xml version="1.0" encoding="UTF-8"?>
<testsuite xmlns:xsi="http://www.w3.org/2001/XMLSchema-instance" xsi:noNamespaceSchemaLocation="https://maven.apache.org/surefire/maven-surefire-plugin/xsd/surefire-test-report-3.0.xsd" version="3.0" name="br.com.example.payroll.service.EventServiceImplTest" time="1.645" tests="2" errors="0" skipped="0" failures="0">
  <properties>
[...]
</properties>
  <testcase name="createEvent_shouldPersistAndReturnDto" classname="br.com.example.payroll.service.EventServiceImplTest" time="1.502"/>
  <testcase name="consolidate_shouldAggregateCorrectly" classname="br.com.example.payroll.service.EventServiceImplTest" time="0.122"/>
</testsuite>