<?xml version="1.0" encoding="UTF-8"?>
<testsuite xmlns:xsi="http://www.w3.org/2001/XMLSchema-instance" xsi:noNamespaceSchemaLocation="https://maven.apache.org/surefire/maven-surefire-plugin/xsd/surefire-test-report-3.0.xsd" version="3.0" name="br.com.example.payroll.integration.EventControllerIntegrationTest" time="6.044" tests="2" errors="0" skipped="0" failures="0">
  <properties>
[...]
</properties>
  <testcase name="create_and_list_event_should_work" classname="br.com.example.payroll.integration.EventControllerIntegrationTest" time="1.442">
    <system-out><![CDATA[15:53:39.956 [main] INFO org.springframework.test.context.support.AnnotationConfigContextLoaderUtils -- Could not detect default configuration classes for test class [br.com.example.payroll.integration.EventControllerIntegrationTest]: EventControllerIntegrationTest does not declare any static, non-private, non-final, nested classes annotated with @Configuration.
15:53:40.086 [main] INFO org.springframework.boot.test.context.SpringBootTestContextBootstrapper -- Found @SpringBootConfiguration br.com.example.payroll.PayrollEventsApplication for test class br.com.example.payroll.integration.EventControllerIntegrationTest

  .   ____          _            __ _ _
 /\\ / ___'_ __ _ _(_)_ __  __ _ \ \ \ \
( ( )\___ | '_ | '_| | '_ \/ _` | \ \ \ \
 \\/  ___)| |_)| | | | | || (_| |  ) ) ) )
  '  |____| .__|_| |_|_| |_\__, | / / / /
 =========|_|==============|___/=/_/_/_/
 :: Spring Boot ::                (v3.2.0)

2026-03-26 15:53:40.786 INFO  [] o.h.validator.internal.util.Version - HV000001: Hibernate Validator 8.0.1.Final
2026-03-26 15:53:40.848 INFO  [] b.c.e.p.i.EventControllerIntegrationTest - Starting EventControllerIntegrationTest using Java 24.0.2 with PID 9540 (started by Thallyson in C:\Workspace\sboot-payroll-events-service)
2026-03-26 15:53:40.849 DEBUG [] b.c.e.p.i.EventControllerIntegrationTest - Running with Spring Boot v3.2.0, Spring v6.1.1
2026-03-26 15:53:40.850 INFO  [] b.c.e.p.i.EventControllerIntegrationTest - The following 1 profile is active: "test"
2026-03-26 15:53:41.739 INFO  [] o.s.d.r.c.RepositoryConfigurationDelegate - Bootstrapping Spring Data R2DBC repositories in DEFAULT mode.
2026-03-26 15:53:41.932 INFO  [] o.s.d.r.c.RepositoryConfigurationDelegate - Finished Spring Data repository scanning in 186 ms. Found 2 R2DBC repository interfaces.
2026-03-26 15:53:44.296 INFO  [] o.s.b.w.e.netty.NettyWebServer - Netty started on port 55959
2026-03-26 15:53:44.308 INFO  [] b.c.e.p.i.EventControllerIntegrationTest - Started EventControllerIntegrationTest in 4.057 seconds (process running for 5.169)
2026-03-26 15:53:45.526 DEBUG [] b.c.e.p.controller.EventController - Create event request for company=aaaaaaaa-0000-0000-0000-000000000001, employee=dddddddd-0000-0000-0000-000000000009
2026-03-26 15:53:45.620 DEBUG [] b.c.e.p.s.impl.EventServiceImpl - Created payroll event 825bc3fa-e0be-4454-bf41-2fdbf5c802a2 for company aaaaaaaa-0000-0000-0000-000000000001
2026-03-26 15:53:45.710 DEBUG [] b.c.e.p.controller.EventController - List events for company=aaaaaaaa-0000-0000-0000-000000000001, employee=dddddddd-0000-0000-0000-000000000009, start=2026-03-01, end=2026-03-31
]]></system-out>
    <system-err><![CDATA[WARNING: A Java agent has been loaded dynamically (C:\Users\Thallyson\.m2\repository\net\bytebuddy\byte-buddy-agent\1.14.10\byte-buddy-agent-1.14.10.jar)
WARNING: If a serviceability tool is in use, please run with -XX:+EnableDynamicAgentLoading to hide this warning
WARNING: If a serviceability tool is not in use, please run with -Djdk.instrument.traceUsage for more information
WARNING: Dynamic loading of agents will be disallowed by default in a future release
]]></system-err>
  </testcase>
  <testcase name="consolidated_should_return_seeded_values" classname="br.com.example.payroll.integration.EventControllerIntegrationTest" time="0.02">
    <system-out><![CDATA[2026-03-26 15:53:45.819 DEBUG [] b.c.e.p.controller.EventController - Consolidate events for company=aaaaaaaa-0000-0000-0000-000000000001, employee=bbbbbbbb-0000-0000-0000-000000000001, period=2026-03
]]></system-out>
  </testcase>
</testsuite>